Build started 3/23/2016 16:33:39.
Project "c:\Users\pechen\documents\visual studio 2010\Projects\Dependence\Dependence\Dependence.vcxproj" on node 2 (build target(s)).
InitializeBuildStatus:
  Creating "Debug\Dependence.unsuccessfulbuild" because "AlwaysCreate" was specified.
ClCompile:
  c:\Program Files (x86)\Microsoft Visual Studio 10.0\VC\bin\CL.exe /c /ZI /nologo /W3 /WX- /Od /Oy- /D _MBCS /Gm /EHsc /RTC1 /MDd /GS /fp:precise /Zc:wchar_t /Zc:forScope /Fo"Debug\\" /Fd"Debug\vc100.pdb" /Gd /TP /analyze- /errorReport:prompt main.cpp
  main.cpp
Link:
  c:\Program Files (x86)\Microsoft Visual Studio 10.0\VC\bin\link.exe /ERRORREPORT:PROMPT /OUT:"c:\users\pechen\documents\visual studio 2010\Projects\Dependence\Debug\Dependence.exe" /NOLOGO kernel32.lib user32.lib gdi32.lib winspool.lib comdlg32.lib advapi32.lib shell32.lib ole32.lib oleaut32.lib uuid.lib odbc32.lib odbccp32.lib /MANIFEST /ManifestFile:"Debug\Dependence.exe.intermediate.manifest" /MANIFESTUAC:"level='asInvoker' uiAccess='false'" /DEBUG /PDB:"c:\users\pechen\documents\visual studio 2010\Projects\Dependence\Debug\Dependence.pdb" /TLBID:1 /DYNAMICBASE /NXCOMPAT /IMPLIB:"c:\users\pechen\documents\visual studio 2010\Projects\Dependence\Debug\Dependence.lib" /MACHINE:X86 Debug\Book.obj
  Debug\Food.obj
  Debug\main.obj
  Debug\People.obj
  LINK : c:\users\pechen\documents\visual studio 2010\Projects\Dependence\Debug\Dependence.exe not found or not built by the last incremental link; performing full link
  Dependence.vcxproj -> c:\users\pechen\documents\visual studio 2010\Projects\Dependence\Debug\Dependence.exe
Manifest:
  c:\Program Files (x86)\Microsoft SDKs\Windows\v7.0A\bin\mt.exe /nologo /verbose /outputresource:"c:\users\pechen\documents\visual studio 2010\Projects\Dependence\Debug\Dependence.exe;#1" /manifest Debug\Dependence.exe.intermediate.manifest
FinalizeBuildStatus:
  Deleting file "Debug\Dependence.unsuccessfulbuild".
  Touching "Debug\Dependence.lastbuildstate".
Done Building Project "c:\Users\pechen\documents\visual studio 2010\Projects\Dependence\Dependence\Dependence.vcxproj" (build target(s)).

Build succeeded.

Time Elapsed 00:00:01.40
